<?xml version="1.0" encoding="UTF-8"?>
<!-- Generated by org.testng.reporters.JUnitReportReporter -->
<testsuite skipped="0" hostname="II5WS0914-39" name="TestCase.DEOTestCase" tests="1" failures="0" timestamp="8 Nov 2016 07:12:22 GMT" time="3.088" errors="0">
  <testcase name="LoginAsDeo" time="3.088" classname="TestCase.DEOTestCase"/>
</testsuite> <!-- TestCase.DEOTestCase -->
