<?xml version="1.0" encoding="UTF-8"?>
<!-- Generated by org.testng.reporters.JUnitReportReporter -->
<testsuite skipped="0" hostname="II5WS0914-39" name="Constant.TestData" tests="1" failures="0" timestamp="9 Nov 2016 07:56:20 GMT" time="0.446" errors="0">
  <testcase name="rwExcle" time="0.446" classname="Constant.TestData"/>
</testsuite> <!-- Constant.TestData -->
